{
  "Minitest": {
    "coverage": {
      "/home/kurisum/RubymineProjects/Velocyclegram/test/controllers/commentaries_controller_test.rb": {
        "lines": [
          1,
          null,
          1,
          1,
          0,
          null,
          null,
          1,
          0,
          0,
          null,
          null,
          1,
          0,
          0,
          null,
          null,
          1,
          0,
          0,
          null,
          null,
          0,
          null,
          null,
          1,
          0,
          0,
          null,
          null,
          1,
          0,
          0,
          null,
          null,
          1,
          0,
          0,
          null,
          null,
          1,
          0,
          0,
          null,
          null,
          0,
          null,
          null
        ]
      },
      "/home/kurisum/RubymineProjects/Velocyclegram/test/controllers/followings_controller_test.rb": {
        "lines": [
          1,
          null,
          1,
          1,
          0,
          null,
          null,
          1,
          0,
          0,
          null,
          null,
          1,
          0,
          0,
          null,
          null,
          1,
          0,
          0,
          null,
          null,
          0,
          null,
          null,
          1,
          0,
          0,
          null,
          null,
          1,
          0,
          0,
          null,
          null,
          1,
          0,
          0,
          null,
          null,
          1,
          0,
          0,
          null,
          null,
          0,
          null,
          null
        ]
      },
      "/home/kurisum/RubymineProjects/Velocyclegram/test/controllers/follows_controller_test.rb": {
        "lines": [
          1,
          null,
          1,
          1,
          0,
          null,
          null,
          1,
          0,
          0,
          null,
          null,
          1,
          0,
          0,
          null,
          null,
          1,
          0,
          0,
          null,
          null,
          0,
          null,
          null,
          1,
          0,
          0,
          null,
          null,
          1,
          0,
          0,
          null,
          null,
          1,
          0,
          0,
          null,
          null,
          1,
          0,
          0,
          null,
          null,
          0,
          null,
          null
        ]
      },
      "/home/kurisum/RubymineProjects/Velocyclegram/test/controllers/likes_controller_test.rb": {
        "lines": [
          1,
          null,
          1,
          1,
          0,
          null,
          null,
          1,
          0,
          0,
          null,
          null,
          1,
          0,
          0,
          null,
          null,
          1,
          0,
          0,
          null,
          null,
          0,
          null,
          null,
          1,
          0,
          0,
          null,
          null,
          1,
          0,
          0,
          null,
          null,
          1,
          0,
          0,
          null,
          null,
          1,
          0,
          0,
          null,
          null,
          0,
          null,
          null
        ]
      },
      "/home/kurisum/RubymineProjects/Velocyclegram/test/controllers/posts_controller_test.rb": {
        "lines": [
          1,
          null,
          1,
          1,
          0,
          null,
          null,
          1,
          0,
          0,
          null,
          null,
          1,
          0,
          0,
          null,
          null,
          1,
          0,
          0,
          null,
          null,
          0,
          null,
          null,
          1,
          0,
          0,
          null,
          null,
          1,
          0,
          0,
          null,
          null,
          1,
          0,
          0,
          null,
          null,
          1,
          0,
          0,
          null,
          null,
          0,
          null,
          null
        ]
      },
      "/home/kurisum/RubymineProjects/Velocyclegram/test/controllers/velocyclegram_controller_test.rb": {
        "lines": [
          1,
          null,
          1,
          null,
          null,
          null,
          null
        ]
      },
      "/home/kurisum/RubymineProjects/Velocyclegram/test/models/commentary_test.rb": {
        "lines": [
          1,
          null,
          1,
          null,
          null,
          null,
          null
        ]
      },
      "/home/kurisum/RubymineProjects/Velocyclegram/test/models/follow_test.rb": {
        "lines": [
          1,
          null,
          1,
          null,
          null,
          null,
          null
        ]
      },
      "/home/kurisum/RubymineProjects/Velocyclegram/test/models/following_test.rb": {
        "lines": [
          1,
          null,
          1,
          null,
          null,
          null,
          null
        ]
      },
      "/home/kurisum/RubymineProjects/Velocyclegram/test/models/like_test.rb": {
        "lines": [
          1,
          null,
          1,
          null,
          null,
          null,
          null
        ]
      },
      "/home/kurisum/RubymineProjects/Velocyclegram/test/models/post_test.rb": {
        "lines": [
          1,
          null,
          1,
          null,
          null,
          null,
          null
        ]
      },
      "/home/kurisum/RubymineProjects/Velocyclegram/test/models/user_test.rb": {
        "lines": [
          1,
          null,
          1,
          null,
          null,
          null,
          null
        ]
      }
    },
    "timestamp": 1654341598
  },
  "RSpec": {
    "coverage": {
      "/home/kurisum/RubymineProjects/Velocyclegram/app/models/user.rb": {
        "lines": [
          1,
          null,
          null,
          1,
          null,
          null,
          1,
          null,
          1,
          1,
          1,
          1,
          1,
          1,
          1,
          null,
          1,
          1,
          null,
          null,
          1,
          null,
          null,
          1,
          2,
          null,
          null,
          null,
          1,
          3,
          3,
          2,
          1,
          1,
          null,
          null,
          null,
          null,
          1,
          3,
          0,
          null,
          3,
          null,
          null
        ]
      },
      "/home/kurisum/RubymineProjects/Velocyclegram/app/models/application_record.rb": {
        "lines": [
          1,
          1,
          null
        ]
      },
      "/home/kurisum/RubymineProjects/Velocyclegram/app/helpers/application_helper.rb": {
        "lines": [
          1,
          null
        ]
      },
      "/home/kurisum/RubymineProjects/Velocyclegram/app/helpers/commentaries_helper.rb": {
        "lines": [
          1,
          null
        ]
      },
      "/home/kurisum/RubymineProjects/Velocyclegram/app/helpers/followings_helper.rb": {
        "lines": [
          1,
          null
        ]
      },
      "/home/kurisum/RubymineProjects/Velocyclegram/app/helpers/follows_helper.rb": {
        "lines": [
          1,
          null
        ]
      },
      "/home/kurisum/RubymineProjects/Velocyclegram/app/helpers/likes_helper.rb": {
        "lines": [
          1,
          null
        ]
      },
      "/home/kurisum/RubymineProjects/Velocyclegram/app/helpers/posts_helper.rb": {
        "lines": [
          1,
          null
        ]
      },
      "/home/kurisum/RubymineProjects/Velocyclegram/app/helpers/users_helper.rb": {
        "lines": [
          1,
          null
        ]
      },
      "/home/kurisum/RubymineProjects/Velocyclegram/app/helpers/velocyclegram_helper.rb": {
        "lines": [
          1,
          null
        ]
      },
      "/home/kurisum/RubymineProjects/Velocyclegram/app/models/follow.rb": {
        "lines": [
          1,
          1,
          1,
          null
        ]
      },
      "/home/kurisum/RubymineProjects/Velocyclegram/app/models/like.rb": {
        "lines": [
          1,
          1,
          1,
          null
        ]
      },
      "/home/kurisum/RubymineProjects/Velocyclegram/app/models/post.rb": {
        "lines": [
          1,
          1,
          1,
          1,
          1,
          1,
          1,
          null
        ]
      },
      "/home/kurisum/RubymineProjects/Velocyclegram/app/controllers/application_controller.rb": {
        "lines": [
          1,
          1,
          null,
          1,
          2,
          null,
          null,
          1,
          null,
          null,
          1,
          2,
          2,
          2,
          2,
          null,
          null
        ]
      },
      "/home/kurisum/RubymineProjects/Velocyclegram/app/services/last_created_posts_service.rb": {
        "lines": [
          1,
          1,
          2,
          null,
          null,
          1,
          2,
          null,
          null
        ]
      },
      "/home/kurisum/RubymineProjects/Velocyclegram/app/controllers/follow_controller.rb": {
        "lines": [
          1,
          1,
          1,
          1,
          1,
          null,
          1,
          0,
          null,
          null,
          1,
          0,
          null,
          null,
          1,
          1,
          null,
          1,
          1,
          2,
          1,
          null,
          null,
          null,
          null,
          1,
          1,
          1,
          null,
          1,
          2,
          1,
          null,
          null,
          null,
          1,
          null,
          1,
          4,
          null,
          null,
          1,
          4,
          0,
          null,
          null,
          null,
          1,
          2,
          2,
          null,
          2,
          1,
          null,
          null,
          null,
          1,
          2,
          null,
          2,
          1,
          null,
          null,
          null,
          1,
          4,
          null,
          null
        ]
      },
      "/home/kurisum/RubymineProjects/Velocyclegram/app/controllers/velocyclegram_controller.rb": {
        "lines": [
          1,
          1,
          null,
          1,
          2,
          null,
          null,
          1,
          1,
          3,
          1,
          null,
          null,
          null
        ]
      },
      "/home/kurisum/RubymineProjects/Velocyclegram/app/controllers/commentaries_controller.rb": {
        "lines": [
          0,
          0,
          0,
          0,
          0,
          null,
          0,
          0,
          0,
          null,
          null,
          0,
          0,
          null,
          0,
          0,
          0,
          0,
          0,
          0,
          0,
          0,
          0,
          0,
          null,
          null,
          0,
          0,
          0,
          0,
          0,
          0,
          0,
          0,
          0,
          0,
          0,
          null,
          null,
          0,
          0,
          0,
          null,
          0,
          0,
          0,
          0,
          0,
          null,
          0,
          null,
          null,
          0,
          0,
          0,
          null,
          0,
          0,
          0,
          0,
          0,
          null,
          0,
          0,
          0,
          null,
          0,
          0,
          0,
          0,
          null,
          0,
          0,
          0,
          null,
          0,
          0,
          0,
          0,
          null,
          null,
          0,
          0,
          0,
          0
        ],
        "branches": {
        }
      },
      "/home/kurisum/RubymineProjects/Velocyclegram/app/controllers/posts_controller.rb": {
        "lines": [
          0,
          0,
          0,
          0,
          null,
          null,
          0,
          0,
          null,
          null,
          0,
          0,
          0,
          null,
          null,
          0,
          0,
          null,
          null,
          0,
          0,
          null,
          0,
          0,
          0,
          0,
          0,
          0,
          0,
          0,
          0,
          0,
          null,
          null,
          0,
          0,
          0,
          0,
          0,
          0,
          0,
          0,
          0,
          0,
          0,
          null,
          null,
          0,
          0,
          null,
          0,
          0,
          0,
          0,
          0,
          null,
          0,
          null,
          null,
          0,
          0,
          0,
          null,
          0,
          0,
          0,
          0,
          0,
          null,
          0,
          0,
          null,
          0,
          0,
          0,
          0,
          null,
          0,
          0,
          0,
          0
        ],
        "branches": {
        }
      },
      "/home/kurisum/RubymineProjects/Velocyclegram/app/controllers/likes_controller.rb": {
        "lines": [
          0,
          0,
          0,
          0,
          0,
          null,
          0,
          0,
          null,
          0,
          0,
          0,
          0,
          0,
          0,
          0,
          0,
          0,
          0,
          null,
          0,
          0,
          0,
          null,
          0,
          0,
          0,
          0,
          0,
          null,
          0,
          null,
          null,
          0,
          0,
          0,
          null,
          0,
          0,
          0,
          0,
          0,
          null,
          0,
          0,
          0,
          0,
          0,
          null,
          0,
          0,
          0,
          null,
          0,
          0,
          0,
          0,
          null,
          null,
          0,
          0,
          0,
          0
        ],
        "branches": {
        }
      },
      "/home/kurisum/RubymineProjects/Velocyclegram/app/controllers/users_controller.rb": {
        "lines": [
          0,
          0,
          0,
          0,
          0
        ],
        "branches": {
        }
      },
      "/home/kurisum/RubymineProjects/Velocyclegram/app/presenters/like_presenter.rb": {
        "lines": [
          0,
          0,
          0,
          0,
          0,
          null,
          0,
          0,
          0,
          null,
          0,
          0,
          0,
          null,
          0,
          0,
          0,
          0
        ],
        "branches": {
        }
      },
      "/home/kurisum/RubymineProjects/Velocyclegram/app/models/commentary.rb": {
        "lines": [
          0,
          0,
          0,
          0,
          0
        ],
        "branches": {
        }
      },
      "/home/kurisum/RubymineProjects/Velocyclegram/app/services/followers_service.rb": {
        "lines": [
          0,
          0,
          0,
          0,
          null,
          0,
          0,
          0,
          0,
          0,
          0,
          0
        ],
        "branches": {
        }
      },
      "/home/kurisum/RubymineProjects/Velocyclegram/app/services/followings_service.rb": {
        "lines": [
          0,
          0,
          0,
          0,
          null,
          0,
          0,
          0,
          0,
          0,
          0,
          0
        ],
        "branches": {
        }
      },
      "/home/kurisum/RubymineProjects/Velocyclegram/app/services/users_pagination_service.rb": {
        "lines": [
          0,
          0,
          0,
          0,
          0,
          null,
          0,
          0,
          0,
          0
        ],
        "branches": {
        }
      }
    },
    "timestamp": 1656887437
  }
}
